bin/Android/Debug/manifest-merger-armv7-debug-report.txt
-- Merging decision tree log ---
manifest
ADDED from AndroidManifest.xml:2:1
	android:hardwareAccelerated
		ADDED from AndroidManifest.xml:2:11
	xmlns:android
		ADDED from AndroidManifest.xml:2:121
	package
		ADDED from AndroidManifest.xml:2:98
	android:versionName
		ADDED from AndroidManifest.xml:2:70
	android:versionCode
		ADDED from AndroidManifest.xml:2:46
		INJECTED from AndroidManifest.xml:0:0
		INJECTED from AndroidManifest.xml:0:0
supports-screens
ADDED from AndroidManifest.xml:3:5
	android:resizeable
		ADDED from AndroidManifest.xml:3:106
	android:largeScreens
		ADDED from AndroidManifest.xml:3:49
	android:anyDensity
		ADDED from AndroidManifest.xml:3:23
	android:normalScreens
		ADDED from AndroidManifest.xml:3:77
	android:xlargeScreens
		ADDED from AndroidManifest.xml:3:160
	android:smallScreens
		ADDED from AndroidManifest.xml:3:132
uses-permission#android.permission.INTERNET
ADDED from AndroidManifest.xml:4:5
MERGED from com.google.android.gms:play-services-maps:8.3.0:21:5
	android:name
		ADDED from AndroidManifest.xml:4:22
application
ADDED from AndroidManifest.xml:5:5
MERGED from com.google.android.gms:play-services-location:8.3.0:19:5
MERGED from com.google.android.gms:play-services-basement:8.3.0:20:5
MERGED from com.android.support:support-v4:22.2.0:22:5
MERGED from com.google.android.gms:play-services-maps:8.3.0:27:5
MERGED from com.google.android.gms:play-services-basement:8.3.0:20:5
MERGED from com.android.support:support-v4:22.2.0:22:5
	android:supportsRtl
		ADDED from AndroidManifest.xml:5:116
	android:label
		ADDED from AndroidManifest.xml:5:83
	android:icon
		ADDED from AndroidManifest.xml:5:53
	android:hardwareAccelerated
		ADDED from AndroidManifest.xml:5:18
activity#ru.shopquest.MainActivity
ADDED from AndroidManifest.xml:6:9
	android:windowSoftInputMode
		ADDED from AndroidManifest.xml:6:248
	android:label
		ADDED from AndroidManifest.xml:6:97
	android:configChanges
		ADDED from AndroidManifest.xml:6:19
	android:theme
		ADDED from AndroidManifest.xml:6:194
	android:name
		ADDED from AndroidManifest.xml:6:166
	android:launchMode
		ADDED from AndroidManifest.xml:6:135
intent-filter#android.intent.action.MAIN+android.intent.category.LAUNCHER
ADDED from AndroidManifest.xml:7:13
	android:label
		ADDED from AndroidManifest.xml:7:28
action#android.intent.action.MAIN
ADDED from AndroidManifest.xml:8:17
	android:name
		ADDED from AndroidManifest.xml:8:25
category#android.intent.category.LAUNCHER
ADDED from AndroidManifest.xml:9:17
	android:name
		ADDED from AndroidManifest.xml:9:27
meta-data#com.google.android.gms.version
ADDED from AndroidManifest.xml:12:9
MERGED from com.google.android.gms:play-services-basement:8.3.0:21:9
MERGED from com.google.android.gms:play-services-basement:8.3.0:21:9
	android:name
		ADDED from AndroidManifest.xml:12:20
	android:value
		ADDED from AndroidManifest.xml:12:66
service#com.tenforwardconsulting.cordova.bgloc.DistanceFilterLocationService
ADDED from AndroidManifest.xml:13:9
	android:process
		ADDED from AndroidManifest.xml:13:150
	android:exported
		ADDED from AndroidManifest.xml:13:41
	android:stopWithTask
		ADDED from AndroidManifest.xml:13:176
	android:enabled
		ADDED from AndroidManifest.xml:13:18
	android:name
		ADDED from AndroidManifest.xml:13:66
service#com.tenforwardconsulting.cordova.bgloc.FusedLocationService
ADDED from AndroidManifest.xml:14:9
	android:process
		ADDED from AndroidManifest.xml:14:141
	android:exported
		ADDED from AndroidManifest.xml:14:41
	android:stopWithTask
		ADDED from AndroidManifest.xml:14:167
	android:enabled
		ADDED from AndroidManifest.xml:14:18
	android:name
		ADDED from AndroidManifest.xml:14:66
uses-sdk
ADDED from AndroidManifest.xml:16:5
MERGED from com.google.android.gms:play-services-location:8.3.0:18:5
MERGED from com.google.android.gms:play-services-base:8.3.0:18:5
MERGED from com.google.android.gms:play-services-basement:8.3.0:18:5
MERGED from com.android.support:support-v4:22.2.0:20:5
MERGED from com.google.android.gms:play-services-maps:8.3.0:26:5
MERGED from com.google.android.gms:play-services-base:8.3.0:18:5
MERGED from com.google.android.gms:play-services-basement:8.3.0:18:5
MERGED from com.android.support:support-v4:22.2.0:20:5
MERGED from org.xwalk:xwalk_core_library:15.44.384.13:6:5
MERGED from android:CordovaLib:unspecified:debug:25:5
	android:targetSdkVersion
		ADDED from AndroidManifest.xml:16:42
	android:minSdkVersion
		ADDED from AndroidManifest.xml:16:15
		INJECTED from AndroidManifest.xml:0:0
		INJECTED from AndroidManifest.xml:0:0
uses-permission#android.permission.ACCESS_NETWORK_STATE
ADDED from AndroidManifest.xml:17:5
MERGED from com.google.android.gms:play-services-maps:8.3.0:20:5
	android:name
		ADDED from AndroidManifest.xml:17:22
uses-permission#android.permission.ACCESS_COARSE_LOCATION
ADDED from AndroidManifest.xml:18:5
	android:name
		ADDED from AndroidManifest.xml:18:22
uses-permission#android.permission.ACCESS_FINE_LOCATION
ADDED from AndroidManifest.xml:19:5
	android:name
		ADDED from AndroidManifest.xml:19:22
uses-permission#android.permission.ACCESS_LOCATION_EXTRA_COMMANDS
ADDED from AndroidManifest.xml:20:5
	android:name
		ADDED from AndroidManifest.xml:20:22
uses-permission#android.permission.WAKE_LOCK
ADDED from AndroidManifest.xml:21:5
	android:name
		ADDED from AndroidManifest.xml:21:22
uses-permission#android.permission.ACCESS_WIFI_STATE
ADDED from AndroidManifest.xml:22:5
	android:name
		ADDED from AndroidManifest.xml:22:22
uses-feature#0x00020000
ADDED from com.google.android.gms:play-services-maps:8.3.0:22:5
	android:required
		ADDED from com.google.android.gms:play-services-maps:8.3.0:24:8
	android:glEsVersion
		ADDED from com.google.android.gms:play-services-maps:8.3.0:23:8